{
  "RSpec": {
    "coverage": {
      "/Users/jackwillee/bank-tech-test/Bank/spec/bank_account_spec.rb": {
        "lines": [
          null,
          null,
          1,
          null,
          1,
          4,
          1,
          null,
          1,
          null,
          null,
          1,
          1,
          1,
          null,
          null,
          1,
          1,
          1,
          1,
          null,
          null,
          null
        ]
      },
      "/Users/jackwillee/bank-tech-test/Bank/lib/account.rb": {
        "lines": [
          1,
          1,
          null,
          1,
          3,
          null,
          null,
          1,
          2,
          null,
          1,
          1,
          null,
          null
        ]
      }
    },
    "timestamp": 1616074593
  }
}
